<?xml version="1.0" encoding="UTF-8"?>
<!-- Generated by org.testng.reporters.JUnitReportReporter -->
<testsuite skipped="0" hostname="Rupali-Dell" name="com.qa.hubspot.test.CompaniesPageTest" tests="1" failures="0" timestamp="01 Jul 2020 18:30:29 GMT" time="0.036" errors="0">
  <testcase name="verifyCompaniesPageTitleTest" time="0.036" classname="com.qa.hubspot.test.CompaniesPageTest"/>
</testsuite> <!-- com.qa.hubspot.test.CompaniesPageTest -->
