<?xml version="1.0" encoding="UTF-8"?>
<!-- Generated by org.testng.reporters.JUnitReportReporter -->
<testsuite skipped="0" hostname="Rupali-Dell" name="com.qa.hubspot.test.HomePageTest" tests="3" failures="0" timestamp="02 Jul 2020 10:06:03 GMT" time="0.773" errors="0">
  <testcase name="VerifyHomePageTitleTest" time="0.050" classname="com.qa.hubspot.test.HomePageTest"/>
  <testcase name="VerifyHomePageHeader" time="0.645" classname="com.qa.hubspot.test.HomePageTest"/>
  <testcase name="VerifyLoggedInUserTest" time="0.078" classname="com.qa.hubspot.test.HomePageTest"/>
</testsuite> <!-- com.qa.hubspot.test.HomePageTest -->
