<?xml version="1.0" encoding="UTF-8"?>
<!-- Generated by org.testng.reporters.JUnitReportReporter -->
<testsuite skipped="0" hostname="Rupali-Dell" name="com.qa.hubspot.test.CompaniesPageTest" tests="1" failures="0" timestamp="02 Jul 2020 10:06:03 GMT" time="0.040" errors="0">
  <testcase name="verifyCompaniesPageTitleTest" time="0.040" classname="com.qa.hubspot.test.CompaniesPageTest"/>
</testsuite> <!-- com.qa.hubspot.test.CompaniesPageTest -->
