<?xml version="1.0" encoding="UTF-8"?>
<!-- Generated by org.testng.reporters.JUnitReportReporter -->
<testsuite skipped="0" hostname="Rupali-Dell" name="com.qa.hubspot.test.HomePageTest" tests="3" failures="0" timestamp="25 Jun 2020 20:55:18 GMT" time="0.567" errors="0">
  <testcase name="VerifyHomePageTitleTest" time="0.061" classname="com.qa.hubspot.test.HomePageTest"/>
  <testcase name="VerifyHomePageHeader" time="0.418" classname="com.qa.hubspot.test.HomePageTest"/>
  <testcase name="VerifyLoggedInUserTest" time="0.088" classname="com.qa.hubspot.test.HomePageTest"/>
</testsuite> <!-- com.qa.hubspot.test.HomePageTest -->
