<?xml version="1.0" encoding="UTF-8"?>
<!-- Generated by org.testng.reporters.JUnitReportReporter -->
<testsuite skipped="0" hostname="Rupali-Dell" name="com.qa.hubspot.test.HomePageTest" tests="3" failures="0" timestamp="01 Jul 2020 18:30:29 GMT" time="1.024" errors="0">
  <testcase name="VerifyHomePageTitleTest" time="0.056" classname="com.qa.hubspot.test.HomePageTest"/>
  <testcase name="VerifyHomePageHeader" time="0.918" classname="com.qa.hubspot.test.HomePageTest"/>
  <testcase name="VerifyLoggedInUserTest" time="0.050" classname="com.qa.hubspot.test.HomePageTest"/>
</testsuite> <!-- com.qa.hubspot.test.HomePageTest -->
