<?xml version="1.0" encoding="UTF-8"?>
<!-- Generated by org.testng.reporters.JUnitReportReporter -->
<testsuite hostname="Rupali-Dell" failures="0" tests="3" name="com.qa.hubspot.test.HomePageTest" time="0.371" errors="0" timestamp="23 Jun 2020 11:40:59 GMT" skipped="0">
  <testcase classname="com.qa.hubspot.test.HomePageTest" name="VerifyHomePageTitleTest" time="0.056"/>
  <testcase classname="com.qa.hubspot.test.HomePageTest" name="VerifyHomePageHeader" time="0.205"/>
  <testcase classname="com.qa.hubspot.test.HomePageTest" name="VerifyLoggedInUserTest" time="0.110"/>
</testsuite> <!-- com.qa.hubspot.test.HomePageTest -->
