<?xml version="1.0" encoding="UTF-8"?>
<!-- Generated by org.testng.reporters.JUnitReportReporter -->
<testsuite hostname="Rupali-Dell" failures="0" tests="3" name="com.qa.hubspot.test.HomePageTest" time="1.357" errors="0" timestamp="30 Jun 2020 18:46:43 GMT" skipped="0">
  <testcase classname="com.qa.hubspot.test.HomePageTest" name="VerifyHomePageTitleTest" time="0.109"/>
  <testcase classname="com.qa.hubspot.test.HomePageTest" name="VerifyHomePageHeader" time="1.193"/>
  <testcase classname="com.qa.hubspot.test.HomePageTest" name="VerifyLoggedInUserTest" time="0.055"/>
</testsuite> <!-- com.qa.hubspot.test.HomePageTest -->
